/*C1*/SET SCHEMA PUBLIC
CONNECT USER SA
/*C2*/SET SCHEMA PUBLIC
CONNECT USER SA
/*C1*/SET AUTOCOMMIT FALSE
SET AUTOCOMMIT TRUE
INSERT INTO S3ASSET VALUES(3,'unchord_midi_files',NULL,NULL,NULL,'ram-laptop','0000012c-facc-1782-c40a-594f6158a9cb',1292697867000,285,'/tmp/sample.mid','/s3-plugin-temp/sample.mid','audio/mid',NULL,'http://','new',NULL)
INSERT INTO S3ASSET_OPTIONS VALUES(3,'addAsync',0,'false')
SET AUTOCOMMIT FALSE
SET AUTOCOMMIT TRUE
SET AUTOCOMMIT FALSE
SET AUTOCOMMIT TRUE
SET AUTOCOMMIT FALSE
SET AUTOCOMMIT TRUE
SET AUTOCOMMIT FALSE
SET AUTOCOMMIT TRUE
SET AUTOCOMMIT FALSE
DELETE FROM S3ASSET WHERE ID=3
INSERT INTO S3ASSET VALUES(3,'unchord_midi_files',NULL,NULL,NULL,'ram-laptop','0000012c-facc-1782-c40a-594f6158a9cb',1292697867000,285,'/tmp/sample.mid','/s3-plugin-temp/sample.mid','audio/mid',NULL,'http://','inprogress',NULL)
SET AUTOCOMMIT TRUE
/*C2*/SET AUTOCOMMIT FALSE
DELETE FROM S3ASSET WHERE ID=3
INSERT INTO S3ASSET VALUES(3,'unchord_midi_files',NULL,NULL,NULL,'ram-laptop','0000012c-facc-1782-c40a-594f6158a9cb',1292697867000,285,'/tmp/sample.mid','/s3-plugin-temp/sample.mid','audio/mid',NULL,'http://','inprogress',NULL)
SET AUTOCOMMIT TRUE
/*C3*/SET SCHEMA PUBLIC
CONNECT USER SA
/*C1*/SET AUTOCOMMIT FALSE
DELETE FROM S3ASSET WHERE ID=3
INSERT INTO S3ASSET VALUES(3,'unchord_midi_files',NULL,NULL,NULL,'ram-laptop','0000012c-facc-1782-c40a-594f6158a9cb',1292697867000,285,NULL,'/s3-plugin-temp/sample.mid','audio/mid',NULL,'http://','hosted',NULL)
SET AUTOCOMMIT TRUE
SET AUTOCOMMIT FALSE
SET AUTOCOMMIT TRUE
/*C2*/SET AUTOCOMMIT FALSE
SET AUTOCOMMIT TRUE
SET AUTOCOMMIT FALSE
SET AUTOCOMMIT TRUE
SET AUTOCOMMIT FALSE
SET AUTOCOMMIT TRUE
SET AUTOCOMMIT FALSE
DELETE FROM ENTRY WHERE ID=2
INSERT INTO ENTRY VALUES(2,3,'http://akiajiscspio7ucy5lpq.unchord_midi_files.s3.amazonaws.com/0000012c-facc-1782-c40a-594f6158a9cb','C C D E C C E F G','draft')
SET AUTOCOMMIT TRUE
SET AUTOCOMMIT FALSE
SET AUTOCOMMIT TRUE
SET AUTOCOMMIT FALSE
SET AUTOCOMMIT TRUE
SET AUTOCOMMIT FALSE
SET AUTOCOMMIT TRUE
